<?xml version="1.0" encoding="UTF-8"?>
<!-- Generated by org.testng.reporters.JUnitReportReporter -->
<testsuite hostname="E1307516" failures="0" tests="1" name="rahulshettyacademy.Tests.ErrorValidations" time="7.297" errors="0" timestamp="2024-03-30T04:40:32 OEZ" skipped="0">
  <testcase classname="rahulshettyacademy.Tests.ErrorValidations" name="submitOrder" time="7.297"/>
</testsuite> <!-- rahulshettyacademy.Tests.ErrorValidations -->
