<?xml version="1.0" encoding="UTF-8"?>
<!-- Generated by org.testng.reporters.JUnitReportReporter -->
<testsuite hostname="E1307516" failures="0" tests="3" name="rahulshettyacademy.Tests.SubmitOrderTest" time="33.618" errors="0" timestamp="2024-04-02T01:26:15 OEZ" skipped="0">
  <testcase classname="rahulshettyacademy.Tests.SubmitOrderTest" name="submitOrder" time="11.725"/>
  <testcase classname="rahulshettyacademy.Tests.SubmitOrderTest" name="submitOrder" time="11.866"/>
  <testcase classname="rahulshettyacademy.Tests.SubmitOrderTest" name="OrderHistoryTest" time="10.027"/>
</testsuite> <!-- rahulshettyacademy.Tests.SubmitOrderTest -->
